2026-04-28T17:23:18.160Z  INFO 1 --- [commerce-core-kotlin] [main] c.c.b.CommerceCoreKotlinApplicationKt    : Starting CommerceCoreKotlinApplicationKt v0.0.1-SNAPSHOT using Java 21.0.10 with PID 1 (/app/app.jar started by root in /app)
2026-04-28T17:23:18.185Z  INFO 1 --- [commerce-core-kotlin] [main] c.c.b.CommerceCoreKotlinApplicationKt    : The following 1 profile is active: "docker"
2026-04-28T17:23:20.116Z  INFO 1 --- [commerce-core-kotlin] [main] .s.d.r.c.RepositoryConfigurationDelegate : Bootstrapping Spring Data JPA repositories in DEFAULT mode.
2026-04-28T17:23:20.217Z  INFO 1 --- [commerce-core-kotlin] [main] .s.d.r.c.RepositoryConfigurationDelegate : Finished Spring Data repository scanning in 87 ms. Found 4 JPA repository interfaces.
2026-04-28T17:23:21.012Z  INFO 1 --- [commerce-core-kotlin] [main] o.s.boot.tomcat.TomcatWebServer          : Tomcat initialized with port 8082 (http)
2026-04-28T17:23:21.033Z  INFO 1 --- [commerce-core-kotlin] [main] o.apache.catalina.core.StandardService   : Starting service [Tomcat]
2026-04-28T17:23:21.034Z  INFO 1 --- [commerce-core-kotlin] [main] o.apache.catalina.core.StandardEngine    : Starting Servlet engine: [Apache Tomcat/11.0.20]
2026-04-28T17:23:21.074Z  INFO 1 --- [commerce-core-kotlin] [main] b.w.c.s.WebApplicationContextInitializer : Root WebApplicationContext: initialization completed in 2771 ms
2026-04-28T17:23:21.546Z  INFO 1 --- [commerce-core-kotlin] [main] com.zaxxer.hikari.HikariDataSource       : HikariPool-1 - Starting...
2026-04-28T17:23:21.922Z  INFO 1 --- [commerce-core-kotlin] [main] com.zaxxer.hikari.pool.HikariPool        : HikariPool-1 - Added connection org.postgresql.jdbc.PgConnection@1bd59b82
2026-04-28T17:23:21.924Z  INFO 1 --- [commerce-core-kotlin] [main] com.zaxxer.hikari.HikariDataSource       : HikariPool-1 - Start completed.
2026-04-28T17:23:21.973Z  INFO 1 --- [commerce-core-kotlin] [main] org.flywaydb.core.FlywayExecutor         : Database: jdbc:postgresql://postgres:5432/commerce_core_db (PostgreSQL 16.13)
2026-04-28T17:23:22.151Z  INFO 1 --- [commerce-core-kotlin] [main] o.f.core.internal.command.DbValidate     : Successfully validated 8 migrations (execution time 00:00.061s)
2026-04-28T17:23:22.176Z  INFO 1 --- [commerce-core-kotlin] [main] o.f.core.internal.command.DbMigrate      : Current version of schema "public": 8
2026-04-28T17:23:22.182Z  INFO 1 --- [commerce-core-kotlin] [main] o.f.core.internal.command.DbMigrate      : Schema "public" is up to date. No migration necessary.
2026-04-28T17:23:22.316Z  INFO 1 --- [commerce-core-kotlin] [main] org.hibernate.orm.jpa                    : HHH008540: Processing PersistenceUnitInfo [name: default]
2026-04-28T17:23:22.407Z  INFO 1 --- [commerce-core-kotlin] [main] org.hibernate.orm.core                   : HHH000001: Hibernate ORM core version 7.2.7.Final
2026-04-28T17:23:23.076Z  INFO 1 --- [commerce-core-kotlin] [main] o.s.o.j.p.SpringPersistenceUnitInfo      : No LoadTimeWeaver setup: ignoring JPA class transformer
2026-04-28T17:23:23.194Z  INFO 1 --- [commerce-core-kotlin] [main] org.hibernate.orm.connections.pooling    : HHH10001005: Database info:
	Database JDBC URL [jdbc:postgresql://postgres:5432/commerce_core_db]
	Database driver: PostgreSQL JDBC Driver
	Database dialect: PostgreSQLDialect
	Database version: 16.13
	Default catalog/schema: commerce_core_db/public
	Autocommit mode: undefined/unknown
	Isolation level: READ_COMMITTED [default READ_COMMITTED]
	JDBC fetch size: none
	Pool: DataSourceConnectionProvider
	Minimum pool size: undefined/unknown
	Maximum pool size: undefined/unknown
2026-04-28T17:23:24.304Z  INFO 1 --- [commerce-core-kotlin] [main] org.hibernate.orm.core                   : HHH000489: No JTA platform available (set 'hibernate.transaction.jta.platform' to enable JTA platform integration)
2026-04-28T17:23:24.384Z  INFO 1 --- [commerce-core-kotlin] [main] j.LocalContainerEntityManagerFactoryBean : Initialized JPA EntityManagerFactory for persistence unit 'default'
2026-04-28T17:23:24.477Z  INFO 1 --- [commerce-core-kotlin] [main] o.s.d.j.r.query.QueryEnhancerFactories   : Hibernate is in classpath; If applicable, HQL parser will be used.
2026-04-28T17:23:25.847Z  WARN 1 --- [commerce-core-kotlin] [main] JpaBaseConfiguration$JpaWebConfiguration : spring.jpa.open-in-view is enabled by default. Therefore, database queries may be performed during view rendering. Explicitly configure spring.jpa.open-in-view to disable this warning
2026-04-28T17:23:27.224Z  INFO 1 --- [commerce-core-kotlin] [main] o.s.boot.tomcat.TomcatWebServer          : Tomcat started on port 8082 (http) with context path '/'
2026-04-28T17:23:27.242Z  INFO 1 --- [commerce-core-kotlin] [main] c.c.b.CommerceCoreKotlinApplicationKt    : Started CommerceCoreKotlinApplicationKt in 10.126 seconds (process running for 12.712)
2026-04-28T17:23:27.248Z  WARN 1 --- [commerce-core-kotlin] [main] o.s.core.events.SpringDocAppInitializer  : SpringDoc /api-docs endpoint is enabled by default. To disable it in production, set the property 'springdoc.api-docs.enabled=false'
2026-04-28T17:23:27.249Z  WARN 1 --- [commerce-core-kotlin] [main] o.s.core.events.SpringDocAppInitializer  : SpringDoc /swagger-ui.html endpoint is enabled by default. To disable it in production, set the property 'springdoc.swagger-ui.enabled=false'
2026-04-28T11:23:42.678-06:00  INFO 14428 --- [commerce-core-kotlin] [main] c.c.b.i.AuthAndProductIntegrationTest    : Starting AuthAndProductIntegrationTest using Java 24.0.2 with PID 14428 (started by PC in C:\Users\PC\Documents\shanti\user-product-service-kotlin)
2026-04-28T11:23:42.683-06:00  INFO 14428 --- [commerce-core-kotlin] [main] c.c.b.i.AuthAndProductIntegrationTest    : No active profile set, falling back to 1 default profile: "default"
2026-04-28T11:23:44.481-06:00  INFO 14428 --- [commerce-core-kotlin] [main] .s.d.r.c.RepositoryConfigurationDelegate : Bootstrapping Spring Data JPA repositories in DEFAULT mode.
2026-04-28T11:23:44.592-06:00  INFO 14428 --- [commerce-core-kotlin] [main] .s.d.r.c.RepositoryConfigurationDelegate : Finished Spring Data repository scanning in 99 ms. Found 4 JPA repository interfaces.
2026-04-28T11:23:45.308-06:00  INFO 14428 --- [commerce-core-kotlin] [main] o.s.boot.tomcat.TomcatWebServer          : Tomcat initialized with port 0 (http)
2026-04-28T11:23:45.323-06:00  INFO 14428 --- [commerce-core-kotlin] [main] o.apache.catalina.core.StandardService   : Starting service [Tomcat]
2026-04-28T11:23:45.323-06:00  INFO 14428 --- [commerce-core-kotlin] [main] o.apache.catalina.core.StandardEngine    : Starting Servlet engine: [Apache Tomcat/11.0.20]
2026-04-28T11:23:45.390-06:00  INFO 14428 --- [commerce-core-kotlin] [main] b.w.c.s.WebApplicationContextInitializer : Root WebApplicationContext: initialization completed in 2687 ms
2026-04-28T11:23:45.929-06:00  INFO 14428 --- [commerce-core-kotlin] [main] org.flywaydb.core.FlywayExecutor         : Database: jdbc:postgresql://localhost:61807/test?loggerLevel=OFF (PostgreSQL 16.13)
2026-04-28T11:23:46.040-06:00  INFO 14428 --- [commerce-core-kotlin] [main] o.f.c.i.s.JdbcTableSchemaHistory         : Schema history table "public"."flyway_schema_history" does not exist yet
2026-04-28T11:23:46.044-06:00  INFO 14428 --- [commerce-core-kotlin] [main] o.f.core.internal.command.DbValidate     : Successfully validated 8 migrations (execution time 00:00.070s)
2026-04-28T11:23:46.058-06:00  INFO 14428 --- [commerce-core-kotlin] [main] o.f.c.i.s.JdbcTableSchemaHistory         : Creating Schema History table "public"."flyway_schema_history" ...
2026-04-28T11:23:46.105-06:00  INFO 14428 --- [commerce-core-kotlin] [main] o.f.core.internal.command.DbMigrate      : Current version of schema "public": << Empty Schema >>
2026-04-28T11:23:46.114-06:00  INFO 14428 --- [commerce-core-kotlin] [main] o.f.core.internal.command.DbMigrate      : Migrating schema "public" to version "1 - create users table"
2026-04-28T11:23:46.142-06:00  INFO 14428 --- [commerce-core-kotlin] [main] o.f.core.internal.command.DbMigrate      : Migrating schema "public" to version "2 - add logical delete columns to users"
2026-04-28T11:23:46.167-06:00  INFO 14428 --- [commerce-core-kotlin] [main] o.f.core.internal.command.DbMigrate      : Migrating schema "public" to version "3 - replace email unique with partial index"
2026-04-28T11:23:46.174-06:00  INFO 14428 --- [commerce-core-kotlin] [main] o.f.c.i.s.DefaultSqlScriptExecutor       : DB: index "users_email_key" does not exist, skipping
2026-04-28T11:23:46.197-06:00  INFO 14428 --- [commerce-core-kotlin] [main] o.f.core.internal.command.DbMigrate      : Migrating schema "public" to version "4 - add role to users"
2026-04-28T11:23:46.220-06:00  INFO 14428 --- [commerce-core-kotlin] [main] o.f.core.internal.command.DbMigrate      : Migrating schema "public" to version "5 - ensure role column on users"
2026-04-28T11:23:46.236-06:00  INFO 14428 --- [commerce-core-kotlin] [main] o.f.core.internal.command.DbMigrate      : Migrating schema "public" to version "6 - create token blacklist table"
2026-04-28T11:23:46.239-06:00  WARN 14428 --- [commerce-core-kotlin] [main] o.f.c.i.s.DefaultSqlScriptExecutor       : DB: relation "token_blacklist" already exists, skipping (SQL State: 42P07 - Error Code: 0)
2026-04-28T11:23:46.254-06:00  INFO 14428 --- [commerce-core-kotlin] [main] o.f.core.internal.command.DbMigrate      : Migrating schema "public" to version "7 - create products table"
2026-04-28T11:23:46.274-06:00  INFO 14428 --- [commerce-core-kotlin] [main] o.f.core.internal.command.DbMigrate      : Migrating schema "public" to version "8 - create audit logs table"
2026-04-28T11:23:46.293-06:00  INFO 14428 --- [commerce-core-kotlin] [main] o.f.core.internal.command.DbMigrate      : Successfully applied 8 migrations to schema "public", now at version v8 (execution time 00:00.064s)
2026-04-28T11:23:46.430-06:00  INFO 14428 --- [commerce-core-kotlin] [main] org.hibernate.orm.jpa                    : HHH008540: Processing PersistenceUnitInfo [name: default]
2026-04-28T11:23:46.515-06:00  INFO 14428 --- [commerce-core-kotlin] [main] org.hibernate.orm.core                   : HHH000001: Hibernate ORM core version 7.2.7.Final
2026-04-28T11:23:47.054-06:00  INFO 14428 --- [commerce-core-kotlin] [main] o.s.o.j.p.SpringPersistenceUnitInfo      : No LoadTimeWeaver setup: ignoring JPA class transformer
2026-04-28T11:23:47.089-06:00  INFO 14428 --- [commerce-core-kotlin] [main] com.zaxxer.hikari.HikariDataSource       : HikariPool-1 - Starting...
2026-04-28T11:23:47.114-06:00  INFO 14428 --- [commerce-core-kotlin] [main] com.zaxxer.hikari.pool.HikariPool        : HikariPool-1 - Added connection org.postgresql.jdbc.PgConnection@7321f698
2026-04-28T11:23:47.116-06:00  INFO 14428 --- [commerce-core-kotlin] [main] com.zaxxer.hikari.HikariDataSource       : HikariPool-1 - Start completed.
2026-04-28T11:23:47.183-06:00  INFO 14428 --- [commerce-core-kotlin] [main] org.hibernate.orm.connections.pooling    : HHH10001005: Database info:
	Database JDBC URL [jdbc:postgresql://localhost:61807/test?loggerLevel=OFF]
	Database driver: PostgreSQL JDBC Driver
	Database dialect: PostgreSQLDialect
	Database version: 16.13
	Default catalog/schema: test/public
	Autocommit mode: undefined/unknown
	Isolation level: READ_COMMITTED [default READ_COMMITTED]
	JDBC fetch size: none
	Pool: DataSourceConnectionProvider
	Minimum pool size: undefined/unknown
	Maximum pool size: undefined/unknown
2026-04-28T11:23:48.199-06:00  INFO 14428 --- [commerce-core-kotlin] [main] org.hibernate.orm.core                   : HHH000489: No JTA platform available (set 'hibernate.transaction.jta.platform' to enable JTA platform integration)
2026-04-28T11:23:48.250-06:00  INFO 14428 --- [commerce-core-kotlin] [main] j.LocalContainerEntityManagerFactoryBean : Initialized JPA EntityManagerFactory for persistence unit 'default'
2026-04-28T11:23:48.334-06:00  INFO 14428 --- [commerce-core-kotlin] [main] o.s.d.j.r.query.QueryEnhancerFactories   : Hibernate is in classpath; If applicable, HQL parser will be used.
2026-04-28T11:23:49.115-06:00  WARN 14428 --- [commerce-core-kotlin] [main] JpaBaseConfiguration$JpaWebConfiguration : spring.jpa.open-in-view is enabled by default. Therefore, database queries may be performed during view rendering. Explicitly configure spring.jpa.open-in-view to disable this warning
2026-04-28T11:23:49.924-06:00  INFO 14428 --- [commerce-core-kotlin] [main] o.s.boot.tomcat.TomcatWebServer          : Tomcat started on port 61820 (http) with context path '/'
2026-04-28T11:23:49.932-06:00  INFO 14428 --- [commerce-core-kotlin] [main] c.c.b.i.AuthAndProductIntegrationTest    : Started AuthAndProductIntegrationTest in 7.598 seconds (process running for 13.673)
2026-04-28T11:23:49.936-06:00  WARN 14428 --- [commerce-core-kotlin] [main] o.s.core.events.SpringDocAppInitializer  : SpringDoc /api-docs endpoint is enabled by default. To disable it in production, set the property 'springdoc.api-docs.enabled=false'
2026-04-28T11:23:49.937-06:00  WARN 14428 --- [commerce-core-kotlin] [main] o.s.core.events.SpringDocAppInitializer  : SpringDoc /swagger-ui.html endpoint is enabled by default. To disable it in production, set the property 'springdoc.swagger-ui.enabled=false'
2026-04-28T11:23:50.370-06:00  INFO 14428 --- [commerce-core-kotlin] [http-nio-auto-1-exec-1] o.a.c.c.C.[Tomcat].[localhost].[/]       : Initializing Spring DispatcherServlet 'dispatcherServlet'
2026-04-28T11:23:50.371-06:00  INFO 14428 --- [commerce-core-kotlin] [http-nio-auto-1-exec-1] o.s.web.servlet.DispatcherServlet        : Initializing Servlet 'dispatcherServlet'
2026-04-28T11:23:50.372-06:00  INFO 14428 --- [commerce-core-kotlin] [http-nio-auto-1-exec-1] o.s.web.servlet.DispatcherServlet        : Completed initialization in 1 ms
2026-04-28T11:23:51.116-06:00  INFO 14428 --- [commerce-core-kotlin] [http-nio-auto-1-exec-1] c.c.b.s.logging.RequestLoggingFilter     : request_id=515e5c25-02a0-4e5a-8ad1-3a47999d0cef method=POST path=/api/v1/users status=201 duration_ms=728 user=anonymousUser
2026-04-28T11:23:51.280-06:00  INFO 14428 --- [commerce-core-kotlin] [http-nio-auto-1-exec-2] c.c.b.s.logging.RequestLoggingFilter     : request_id=71c98066-2f4c-482c-a53a-fce99b6112cf method=POST path=/api/v1/auth/login status=200 duration_ms=140 user=anonymousUser
2026-04-28T11:23:51.412-06:00  INFO 14428 --- [commerce-core-kotlin] [http-nio-auto-1-exec-4] c.c.b.s.logging.RequestLoggingFilter     : request_id=7c86531e-1af7-4ace-badc-01f057122f51 method=GET path=/api/v1/products/deleted status=200 duration_ms=79 user=admin-deleted-9126de32-8053-4119-a3c5-f1319b33dcd3@example.com
2026-04-28T11:23:51.494-06:00  INFO 14428 --- [commerce-core-kotlin] [http-nio-auto-1-exec-3] c.c.b.s.logging.RequestLoggingFilter     : request_id=fa819bd7-372a-499f-9a8b-73a590fbe4c0 method=POST path=/api/v1/users status=201 duration_ms=70 user=anonymousUser
2026-04-28T11:23:51.563-06:00  INFO 14428 --- [commerce-core-kotlin] [http-nio-auto-1-exec-5] c.c.b.s.logging.RequestLoggingFilter     : request_id=caebcf21-516d-4282-a87c-05a7a3892d67 method=POST path=/api/v1/auth/login status=200 duration_ms=67 user=anonymousUser
2026-04-28T11:23:51.640-06:00  INFO 14428 --- [commerce-core-kotlin] [http-nio-auto-1-exec-6] c.c.b.s.logging.RequestLoggingFilter     : request_id=fe10f9fc-8076-47c9-85dc-b76283d3b083 method=POST path=/api/v1/users status=201 duration_ms=68 user=anonymousUser
2026-04-28T11:23:51.709-06:00  INFO 14428 --- [commerce-core-kotlin] [http-nio-auto-1-exec-7] c.c.b.s.logging.RequestLoggingFilter     : request_id=e9d1947a-f221-41f0-9823-eee2611d83a0 method=POST path=/api/v1/auth/login status=200 duration_ms=66 user=anonymousUser
2026-04-28T11:23:51.757-06:00  INFO 14428 --- [commerce-core-kotlin] [http-nio-auto-1-exec-8] c.c.b.s.logging.RequestLoggingFilter     : request_id=7d34c925-9026-4faf-a077-fc69fe7a2322 method=POST path=/api/v1/products status=403 duration_ms=38 user=normal-47a29ff8-743f-4760-9719-8b22e673f880@example.com
2026-04-28T11:23:51.832-06:00  INFO 14428 --- [commerce-core-kotlin] [http-nio-auto-1-exec-9] c.c.b.s.logging.RequestLoggingFilter     : request_id=0863261a-30e9-4a91-963f-efdc62eac29e method=POST path=/api/v1/users status=201 duration_ms=68 user=anonymousUser
2026-04-28T11:23:51.902-06:00  INFO 14428 --- [commerce-core-kotlin] [http-nio-auto-1-exec-10] c.c.b.s.logging.RequestLoggingFilter     : request_id=02bbc5bc-9ce4-41c8-8022-665d68af797e method=POST path=/api/v1/auth/login status=200 duration_ms=67 user=anonymousUser
2026-04-28T11:23:51.931-06:00  INFO 14428 --- [commerce-core-kotlin] [http-nio-auto-1-exec-1] c.c.b.s.logging.RequestLoggingFilter     : request_id=6410487b-b6a1-44e1-b638-15044cac563d method=POST path=/api/v1/products status=201 duration_ms=21 user=admin-92aeb7a9-413b-437b-89cc-e02c3d3c6a0f@example.com
2026-04-28T11:23:52.950-06:00  INFO 14428 --- [commerce-core-kotlin] [SpringApplicationShutdownHook] o.s.boot.tomcat.GracefulShutdown         : Commencing graceful shutdown. Waiting for active requests to complete
2026-04-28T11:23:52.959-06:00  INFO 14428 --- [commerce-core-kotlin] [tomcat-shutdown] o.s.boot.tomcat.GracefulShutdown         : Graceful shutdown complete
2026-04-28T11:23:52.964-06:00  INFO 14428 --- [commerce-core-kotlin] [SpringApplicationShutdownHook] j.LocalContainerEntityManagerFactoryBean : Closing JPA EntityManagerFactory for persistence unit 'default'
2026-04-28T11:23:52.966-06:00  INFO 14428 --- [commerce-core-kotlin] [SpringApplicationShutdownHook] com.zaxxer.hikari.HikariDataSource       : HikariPool-1 - Shutdown initiated...
2026-04-28T11:23:52.969-06:00  INFO 14428 --- [commerce-core-kotlin] [SpringApplicationShutdownHook] com.zaxxer.hikari.HikariDataSource       : HikariPool-1 - Shutdown completed.
2026-04-28T17:24:50.838Z  INFO 1 --- [commerce-core-kotlin] [SpringApplicationShutdownHook] o.s.boot.tomcat.GracefulShutdown         : Commencing graceful shutdown. Waiting for active requests to complete
2026-04-28T17:24:50.843Z  INFO 1 --- [commerce-core-kotlin] [tomcat-shutdown] o.s.boot.tomcat.GracefulShutdown         : Graceful shutdown complete
2026-04-28T17:24:50.851Z  INFO 1 --- [commerce-core-kotlin] [SpringApplicationShutdownHook] j.LocalContainerEntityManagerFactoryBean : Closing JPA EntityManagerFactory for persistence unit 'default'
2026-04-28T17:24:50.856Z  INFO 1 --- [commerce-core-kotlin] [SpringApplicationShutdownHook] com.zaxxer.hikari.HikariDataSource       : HikariPool-1 - Shutdown initiated...
2026-04-28T17:24:50.861Z  INFO 1 --- [commerce-core-kotlin] [SpringApplicationShutdownHook] com.zaxxer.hikari.HikariDataSource       : HikariPool-1 - Shutdown completed.
